<?xml version="1.0" encoding="UTF-8" ?>
<testsuite failures="0" time="0.03" errors="0" skipped="0" tests="1" name="eu.ubitech.fistar.ejbca.AppTest">
  <properties>
    <property name="java.runtime.name" value="Java(TM) SE Runtime Environment"/>
    <property name="sun.boot.library.path" value="/opt/JAVA/jdk1.7.0_51/jre/lib/amd64"/>
    <property name="java.vm.version" value="24.51-b03"/>
    <property name="java.vm.vendor" value="Oracle Corporation"/>
    <property name="java.vendor.url" value="http://java.oracle.com/"/>
    <property name="path.separator" value=":"/>
    <property name="guice.disable.misplaced.annotation.check" value="true"/>
    <property name="java.vm.name" value="Java HotSpot(TM) 64-Bit Server VM"/>
    <property name="file.encoding.pkg" value="sun.io"/>
    <property name="user.country" value="US"/>
    <property name="sun.java.launcher" value="SUN_STANDARD"/>
    <property name="sun.os.patch.level" value="unknown"/>
    <property name="java.vm.specification.name" value="Java Virtual Machine Specification"/>
    <property name="user.dir" value="/home/promitheas/IDEs_Projects/NetBeansProjects/EJBCARestProxyModule/EJBCARestProxyClient"/>
    <property name="java.runtime.version" value="1.7.0_51-b13"/>
    <property name="java.awt.graphicsenv" value="sun.awt.X11GraphicsEnvironment"/>
    <property name="java.endorsed.dirs" value="/opt/JAVA/jdk1.7.0_51/jre/lib/endorsed"/>
    <property name="os.arch" value="amd64"/>
    <property name="java.io.tmpdir" value="/tmp"/>
    <property name="line.separator" value="
"/>
    <property name="java.vm.specification.vendor" value="Oracle Corporation"/>
    <property name="os.name" value="Linux"/>
    <property name="maven.ext.class.path" value="/home/promitheas/IDE/netbeans-7.4/java/maven-nblib/netbeans-eventspy.jar"/>
    <property name="classworlds.conf" value="/home/promitheas/IDE/netbeans-7.4/java/maven/bin/m2.conf"/>
    <property name="sun.jnu.encoding" value="UTF-8"/>
    <property name="java.library.path" value="/opt/JAVA/current/jre/lib/amd64:/opt/JAVA/current/jre/lib/i386::/usr/java/packages/lib/amd64:/usr/lib64:/lib64:/lib:/usr/lib"/>
    <property name="java.specification.name" value="Java Platform API Specification"/>
    <property name="java.class.version" value="51.0"/>
    <property name="sun.management.compiler" value="HotSpot 64-Bit Tiered Compilers"/>
    <property name="os.version" value="3.13.0-24-generic"/>
    <property name="user.home" value="/home/promitheas"/>
    <property name="user.timezone" value="Europe/Athens"/>
    <property name="java.awt.printerjob" value="sun.print.PSPrinterJob"/>
    <property name="file.encoding" value="UTF-8"/>
    <property name="java.specification.version" value="1.7"/>
    <property name="user.name" value="promitheas"/>
    <property name="java.class.path" value="/home/promitheas/IDEs_Projects/NetBeansProjects/EJBCARestProxyModule/EJBCARestProxyClient/target/classes:/home/promitheas/.m2/repository/org/ejbca/core/ws-cli/1.0.0/ws-cli-1.0.0.jar:/home/promitheas/.m2/repository/org/ejbca/cvc/cert-cvc/1.0.0/cert-cvc-1.0.0.jar:/home/promitheas/.m2/repository/org/cesecore/cesecore/1.0.0/cesecore-1.0.0.jar:/home/promitheas/.m2/repository/org/ejbca/util/ejbca-util/1.0.0/ejbca-util-1.0.0.jar:/home/promitheas/.m2/repository/org/cesecore/cesecore-common/1.0.0/cesecore-common-1.0.0.jar:/home/promitheas/.m2/repository/org/cesecore/cesecore-entity/1.0.0/cesecore-entity-1.0.0.jar:/home/promitheas/.m2/repository/org/ejbca/core/ejbca-ws/1.0.0/ejbca-ws-1.0.0.jar:/home/promitheas/.m2/repository/org/bouncycastle/bcprov-jdk15on/1.49/bcprov-jdk15on-1.49.jar:/home/promitheas/.m2/repository/org/bouncycastle/bcpkix-jdk15on/1.49/bcpkix-jdk15on-1.49.jar:/home/promitheas/.m2/repository/log4j/log4j/1.2.16/log4j-1.2.16.jar:/home/promitheas/.m2/repository/commons-collections/commons-collections/3.2/commons-collections-3.2.jar:/home/promitheas/.m2/repository/commons-lang/commons-lang/2.5/commons-lang-2.5.jar:/home/promitheas/.m2/repository/commons-logging/commons-logging/1.1.1/commons-logging-1.1.1.jar:/home/promitheas/.m2/repository/commons-configuration/commons-configuration/1.6/commons-configuration-1.6.jar:/home/promitheas/.m2/repository/commons-digester/commons-digester/1.8/commons-digester-1.8.jar:/home/promitheas/.m2/repository/commons-beanutils/commons-beanutils/1.7.0/commons-beanutils-1.7.0.jar:/home/promitheas/.m2/repository/commons-beanutils/commons-beanutils-core/1.8.0/commons-beanutils-core-1.8.0.jar:"/>
    <property name="java.vm.specification.version" value="1.7"/>
    <property name="sun.arch.data.model" value="64"/>
    <property name="java.home" value="/opt/JAVA/jdk1.7.0_51/jre"/>
    <property name="sun.java.command" value="org.codehaus.plexus.classworlds.launcher.Launcher -Dmaven.ext.class.path=/home/promitheas/IDE/netbeans-7.4/java/maven-nblib/netbeans-eventspy.jar clean install"/>
    <property name="java.specification.vendor" value="Oracle Corporation"/>
    <property name="user.language" value="en"/>
    <property name="awt.toolkit" value="sun.awt.X11.XToolkit"/>
    <property name="java.vm.info" value="mixed mode"/>
    <property name="java.version" value="1.7.0_51"/>
    <property name="java.ext.dirs" value="/opt/JAVA/jdk1.7.0_51/jre/lib/ext:/usr/java/packages/lib/ext"/>
    <property name="securerandom.source" value="file:/dev/./urandom"/>
    <property name="sun.boot.class.path" value="/opt/JAVA/jdk1.7.0_51/jre/lib/resources.jar:/opt/JAVA/jdk1.7.0_51/jre/lib/rt.jar:/opt/JAVA/jdk1.7.0_51/jre/lib/sunrsasign.jar:/opt/JAVA/jdk1.7.0_51/jre/lib/jsse.jar:/opt/JAVA/jdk1.7.0_51/jre/lib/jce.jar:/opt/JAVA/jdk1.7.0_51/jre/lib/charsets.jar:/opt/JAVA/jdk1.7.0_51/jre/lib/jfr.jar:/opt/JAVA/jdk1.7.0_51/jre/classes"/>
    <property name="java.vendor" value="Oracle Corporation"/>
    <property name="maven.home" value="/home/promitheas/IDE/netbeans-7.4/java/maven"/>
    <property name="file.separator" value="/"/>
    <property name="java.vendor.url.bug" value="http://bugreport.sun.com/bugreport/"/>
    <property name="sun.cpu.endian" value="little"/>
    <property name="sun.io.unicode.encoding" value="UnicodeLittle"/>
    <property name="sun.cpu.isalist" value=""/>
  </properties>
  <testcase time="0.001" classname="eu.ubitech.fistar.ejbca.AppTest" name="testApp"/>
</testsuite>